"../../../Engine/Content/ArtTools/RenderToTexture/Enums/RenderToTexture_Enum.uasset" 0
"../../../Engine/Content/ArtTools/RenderToTexture/Enums/RenderToTexture_Flipbook_Enum.uasset" 1
"../../../Engine/Content/ArtTools/RenderToTexture/Enums/RenderToTexture_Imposter_Enum.uasset" 2
"../../../Engine/Content/EditorBlueprintResources/StandardMacros.uasset" 3
"../../../Engine/Content/ArtTools/RenderToTexture/Enums/EIntTypes.uasset" 4
"../../../Engine/Content/ArtTools/RenderToTexture/Macros/RenderToTextureFunctionLibrary.uasset" 5
"../../../Engine/Content/ArtTools/RenderToTexture/Enums/EFloatTypes.uasset" 6
"../../../Engine/Content/ArtTools/RenderToTexture/Macros/RenderToTextureMacros.uasset" 7
"../../../Engine/Content/Functions/Engine_MaterialFunctions01/Opacity/CameraDepthFade.uasset" 8
"../../../Engine/Content/EngineMaterials/T_Default_Material_Grid_M.uasset" 9
"../../../Engine/Content/EngineMaterials/T_Default_Material_Grid_N.uasset" 10
"../../../Engine/Content/EngineMaterials/WorldGridMaterial.uasset" 11
"../../../Engine/Content/ArtTools/RenderToTexture/Meshes/S_1_Unit_Plane.uasset" 12
"../../../Engine/Content/EngineMaterials/DefaultMaterial.uasset" 13
"../../../Engine/Content/BasicShapes/Cone.uasset" 14
"../../../Engine/Content/BasicShapes/Cube.uasset" 15
"../../../Engine/Content/BasicShapes/Cylinder.uasset" 16
"../../../Engine/Content/BasicShapes/Plane.uasset" 17
"../../../Engine/Content/BasicShapes/Sphere.uasset" 18
"../../../Engine/Content/EngineMaterials/DefaultPhysicalMaterial.uasset" 19
"../../../Engine/Content/BufferVisualization/AmbientOcclusion.uasset" 20
"../../../Engine/Content/BufferVisualization/BaseColor.uasset" 21
"../../../Engine/Content/BufferVisualization/CustomDepth.uasset" 22
"../../../Engine/Content/Functions/Engine_MaterialFunctions02/Utility/VectorLength.uasset" 23
"../../../Engine/Content/BufferVisualization/CustomDepthWorldUnits.uasset" 24
"../../../Engine/Content/Functions/Engine_MaterialFunctions02/Utility/BreakOutFloat2Components.uasset" 25
"../../../Engine/Content/Functions/Engine_MaterialFunctions01/Texturing/ScaleUVsByCenter.uasset" 26
"../../../Engine/Content/Functions/Engine_MaterialFunctions02/ScreenResolution.uasset" 27
"../../../Engine/Content/Functions/Engine_MaterialFunctions02/Texturing/ScreenAlignedUVs.uasset" 28
"../../../Engine/Content/Functions/Engine_MaterialFunctions02/Utility/MakeFloat2.uasset" 29
"../../../Engine/Content/Functions/Engine_MaterialFunctions02/Utility/MakeFloat3.uasset" 30
"../../../Engine/Content/EngineMaterials/MiniFont.uasset" 31
"../../../Engine/Content/BufferVisualization/CustomStencil.uasset" 32
"../../../Engine/Content/BufferVisualization/FinalImage.uasset" 33
"../../../Engine/Content/BufferVisualization/LightingModel.uasset" 34
"../../../Engine/Content/BufferVisualization/MaterialAO.uasset" 35
"../../../Engine/Content/BufferVisualization/Metallic.uasset" 36
"../../../Engine/Content/BufferVisualization/Opacity.uasset" 37
"../../../Engine/Content/BufferVisualization/PostTonemapHDRColor.uasset" 38
"../../../Engine/Content/BufferVisualization/PreTonemapHDRColor.uasset" 39
"../../../Engine/Content/BufferVisualization/Roughness.uasset" 40
"../../../Engine/Content/BufferVisualization/SceneColor.uasset" 41
"../../../Engine/Content/BufferVisualization/SceneDepth.uasset" 42
"../../../Engine/Content/BufferVisualization/SceneDepthWorldUnits.uasset" 43
"../../../Engine/Content/BufferVisualization/SeparateTranslucencyA.uasset" 44
"../../../Engine/Content/BufferVisualization/SeparateTranslucencyRGB.uasset" 45
"../../../Engine/Content/BufferVisualization/Specular.uasset" 46
"../../../Engine/Content/BufferVisualization/SubsurfaceColor.uasset" 47
"../../../Engine/Content/BufferVisualization/WorldNormal.uasset" 48
"../../../Engine/Content/EditorLandscapeResources/DataLayer.uasset" 49
"../../../Engine/Content/EditorLandscapeResources/DefaultAlphaTexture.uasset" 50
"../../../Engine/Content/EditorLandscapeResources/LandscapeGizmoHeight_Mat.uasset" 51
"../../../Engine/Content/EditorLandscapeResources/LandscapeGizmo_Mat.uasset" 52
"../../../Engine/Content/EditorLandscapeResources/LandscapeGizmo_Mat_Copied.uasset" 53
"../../../Engine/Content/EditorLandscapeResources/SplineEditorMeshMat.uasset" 54
"../../../Engine/Content/EditorLandscapeResources/SplineEditorMesh.uasset" 55
"../../../Engine/Content/EditorMaterials/Cross.uasset" 56
"../../../Engine/Content/EditorMaterials/Cross_Mat.uasset" 57
"../../../Engine/Content/EditorMaterials/GizmoMaterial.uasset" 58
"../../../Engine/Content/Functions/Engine_MaterialFunctions02/Utility/Sign.uasset" 59
"../../../Engine/Content/Functions/Engine_MaterialFunctions02/Utility/Round.uasset" 60
"../../../Engine/Content/Functions/Engine_MaterialFunctions02/ExampleContent/Textures/flipbook.uasset" 61
"../../../Engine/Content/Functions/Engine_MaterialFunctions02/Texturing/FlipBook.uasset" 62
"../../../Engine/Content/EditorResources/T_EditorHelp.uasset" 63
"../../../Engine/Content/EditorMaterials/HelpActorMaterial.uasset" 64
"../../../Engine/Content/EditorMaterials/CompositeARGBLayer.uasset" 65
"../../../Engine/Content/EditorMaterials/TilingAALineIntegral.uasset" 66
"../../../Engine/Content/EditorMaterials/TilingAALineBoxFiltered.uasset" 67
"../../../Engine/Content/Functions/Engine_MaterialFunctions03/Procedurals/ComputeFilterWidth.uasset" 68
"../../../Engine/Content/EditorMaterials/TilingAADots.uasset" 69
"../../../Engine/Content/EngineMaterials/BlendFunc_DefBase.uasset" 70
"../../../Engine/Content/EngineMaterials/BlendFunc_DefBlend.uasset" 71
"../../../Engine/Content/Functions/Engine_MaterialFunctions03/Blends/Blend_Screen.uasset" 72
"../../../Engine/Content/EditorMaterials/TilingAAGrid.uasset" 73
"../../../Engine/Content/EditorMaterials/LevelGridMaterial.uasset" 74
"../../../Engine/Content/EditorMaterials/MakeCompositeARGBLayer.uasset" 75
"../../../Engine/Content/EditorResources/LevelGrid1DStripes.uasset" 76
"../../../Engine/Content/EditorMaterials/TextureGridCascaded1D.uasset" 77
"../../../Engine/Content/EditorMaterials/TextureGridCascaded2D.uasset" 78
"../../../Engine/Content/EditorMaterials/LevelGridMaterial2.uasset" 79
"../../../Engine/Content/EditorMaterials/MAT_Groups_Toggle.uasset" 80
"../../../Engine/Content/EditorMaterials/MAT_Groups_Visibility.uasset" 81
"../../../Engine/Content/EditorMaterials/PhAT_BoneSelectedMaterial.uasset" 82
"../../../Engine/Content/EditorMaterials/PhAT_ElemSelectedMaterial.uasset" 83
"../../../Engine/Content/EditorMaterials/PhAT_NoCollisionMaterial.uasset" 84
"../../../Engine/Content/EditorMaterials/PhAT_UnselectedMaterial.uasset" 85
"../../../Engine/Content/EditorMaterials/PreviewShadowIndicator.uasset" 86
"../../../Engine/Content/EditorMaterials/PreviewShadowIndicatorMaterial.uasset" 87
"../../../Engine/Content/EditorMaterials/TargetIcon.uasset" 88
"../../../Engine/Content/EditorMaterials/Tick.uasset" 89
"../../../Engine/Content/EditorMaterials/Tick_Mat.uasset" 90
"../../../Engine/Content/EditorMaterials/WidgetGridVertexColorMaterial.uasset" 91
"../../../Engine/Content/EditorMaterials/WidgetGridVertexColorMaterial_Ma.uasset" 92
"../../../Engine/Content/EditorMaterials/WidgetMaterial.uasset" 93
"../../../Engine/Content/EditorMaterials/WidgetMaterial_Current.uasset" 94
"../../../Engine/Content/EditorMaterials/WidgetMaterial_X.uasset" 95
"../../../Engine/Content/EditorMaterials/WidgetMaterial_Y.uasset" 96
"../../../Engine/Content/EditorMaterials/WidgetMaterial_Z.uasset" 97
"../../../Engine/Content/EditorMaterials/WidgetVertexColorMaterial.uasset" 98
"../../../Engine/Content/EditorMaterials/MatineeGroups/MAT_ColorTrack.uasset" 99
"../../../Engine/Content/EditorMaterials/MatineeGroups/MAT_Groups_Anim.uasset" 100
"../../../Engine/Content/EditorMaterials/MatineeGroups/MAT_Groups_AudioMaster.uasset" 101
"../../../Engine/Content/EditorMaterials/MatineeGroups/MAT_Groups_Director.uasset" 102
"../../../Engine/Content/EditorMaterials/MatineeGroups/MAT_Groups_Event.uasset" 103
"../../../Engine/Content/EditorMaterials/MatineeGroups/MAT_Groups_Fade.uasset" 104
"../../../Engine/Content/EditorMaterials/MatineeGroups/MAT_Groups_Float.uasset" 105
"../../../Engine/Content/EditorMaterials/MatineeGroups/MAT_Groups_Move.uasset" 106
"../../../Engine/Content/EditorMaterials/MatineeGroups/MAT_Groups_Slomo.uasset" 107
"../../../Engine/Content/EditorMaterials/MatineeGroups/MAT_Groups_Sound.uasset" 108
"../../../Engine/Content/EditorMaterials/MatineeGroups/MAT_Groups_Vector.uasset" 109
"../../../Engine/Content/EditorMaterials/ParticleSystems/PSysThumbnail_NoImage.uasset" 110
"../../../Engine/Content/EditorMaterials/ParticleSystems/PSysThumbnail_OOD.uasset" 111
"../../../Engine/Content/EngineMaterials/Grid.uasset" 112
"../../../Engine/Content/EditorMaterials/Thumbnails/FloorPlaneMaterial.uasset" 113
"../../../Engine/Content/EditorMeshes/EditorCube.uasset" 114
"../../../Engine/Content/EditorMeshes/EditorCylinder.uasset" 115
"../../../Engine/Content/EditorMeshes/EditorPlane.uasset" 116
"../../../Engine/Content/EditorMaterials/Thumbnails/SkySphereMaterial.uasset" 117
"../../../Engine/Content/EditorMeshes/EditorSkySphere.uasset" 118
"../../../Engine/Content/EditorMeshes/EditorSphere.uasset" 119
"../../../Engine/Content/EditorResources/MatineeCam_D.uasset" 120
"../../../Engine/Content/EditorMaterials/MatineeCam_mat.uasset" 121
"../../../Engine/Content/EditorMeshes/MatineeCam_SM.uasset" 122
"../../../Engine/Content/EditorMaterials/Camera/CineMat.uasset" 123
"../../../Engine/Content/EditorMaterials/Camera/MI_CineMat_CameraBody.uasset" 124
"../../../Engine/Content/EngineDebugMaterials/M_SimpleOpaque.uasset" 125
"../../../Engine/Content/EditorMaterials/Camera/MI_CineMat_CamViewFinder.uasset" 126
"../../../Engine/Content/EditorMeshes/Camera/SM_CineCam.uasset" 127
"../../../Engine/Content/EditorMaterials/Camera/MI_CineMat_Rig.uasset" 128
"../../../Engine/Content/EditorMeshes/Camera/SM_CraneRig_Arm.uasset" 129
"../../../Engine/Content/EditorMeshes/Camera/SM_CraneRig_Base.uasset" 130
"../../../Engine/Content/EditorMeshes/Camera/SM_CraneRig_Body.uasset" 131
"../../../Engine/Content/EditorMeshes/Camera/SM_CraneRig_Mount.uasset" 132
"../../../Engine/Content/EditorMeshes/Camera/SM_RailRig_Mount.uasset" 133
"../../../Engine/Content/EditorMeshes/Camera/SM_RailRig_Track.uasset" 134
"../../../Engine/Content/EditorResources/Bad.uasset" 135
"../../../Engine/Content/EditorResources/BSPVertex.uasset" 136
"../../../Engine/Content/EditorResources/EmptyActor.uasset" 137
"../../../Engine/Content/EditorResources/MatInstActSprite.uasset" 138
"../../../Engine/Content/EditorResources/SceneManager.uasset" 139
"../../../Engine/Content/EditorResources/SmallFont.uasset" 140
"../../../Engine/Content/EditorResources/S_Actor.uasset" 141
"../../../Engine/Content/EditorResources/S_DecalActorIcon.uasset" 142
"../../../Engine/Content/EditorResources/S_Emitter.uasset" 143
"../../../Engine/Content/EditorResources/S_ExpoHeightFog.uasset" 144
"../../../Engine/Content/EditorResources/S_FTest.uasset" 145
"../../../Engine/Content/EditorResources/S_KBSJoint.uasset" 146
"../../../Engine/Content/EditorResources/S_KHinge.uasset" 147
"../../../Engine/Content/EditorResources/S_KPrismatic.uasset" 148
"../../../Engine/Content/EditorResources/S_LevelSequence.uasset" 149
"../../../Engine/Content/EditorResources/S_NavP.uasset" 150
"../../../Engine/Content/EditorResources/S_Note.uasset" 151
"../../../Engine/Content/EditorResources/S_Player.uasset" 152
"../../../Engine/Content/EditorResources/S_PortalActorIcon2.uasset" 153
"../../../Engine/Content/EditorResources/S_RadForce.uasset" 154
"../../../Engine/Content/EditorResources/S_ReflActorIcon.uasset" 155
"../../../Engine/Content/EditorResources/S_Terrain.uasset" 156
"../../../Engine/Content/EditorResources/S_TextRenderActorIcon.uasset" 157
"../../../Engine/Content/EditorResources/S_Thruster.uasset" 158
"../../../Engine/Content/EditorResources/S_Trigger.uasset" 159
"../../../Engine/Content/EditorResources/S_VectorFieldVol.uasset" 160
"../../../Engine/Content/EditorResources/S_WindDirectional.uasset" 161
"../../../Engine/Content/EditorResources/AI/S_NavLink.uasset" 162
"../../../Engine/Content/EditorResources/AudioIcons/S_AudioComponent.uasset" 163
"../../../Engine/Content/EditorResources/AudioIcons/S_AudioComponent_AutoActivate.uasset" 164
"../../../Engine/Content/EditorResources/LightIcons/SkyLight.uasset" 165
"../../../Engine/Content/EditorResources/LightIcons/S_LightDirectional.uasset" 166
"../../../Engine/Content/EditorResources/LightIcons/S_LightDirectionalMove.uasset" 167
"../../../Engine/Content/EditorResources/LightIcons/S_LightError.uasset" 168
"../../../Engine/Content/EditorResources/LightIcons/S_LightPoint.uasset" 169
"../../../Engine/Content/EditorResources/LightIcons/S_LightPointMove.uasset" 170
"../../../Engine/Content/EditorResources/LightIcons/S_LightSpot.uasset" 171
"../../../Engine/Content/EditorResources/LightIcons/S_LightSpotMove.uasset" 172
"../../../Engine/Content/EditorResources/SequenceRecorder/Countdown.uasset" 173
"../../../Engine/Content/EditorResources/SequenceRecorder/RecordingIndicator.uasset" 174
"../../../Engine/Content/EditorResources/Spline/T_Loft_Spline.uasset" 175
"../../../Engine/Content/EditorSounds/Notifications/CompileFailed.uasset" 176
"../../../Engine/Content/EditorSounds/Notifications/CompileFailed_Cue.uasset" 177
"../../../Engine/Content/EditorSounds/Notifications/CompileSuccess.uasset" 178
"../../../Engine/Content/EditorSounds/Notifications/CompileStart_Cue.uasset" 179
"../../../Engine/Content/EditorSounds/Notifications/CompileSuccess_Cue.uasset" 180
"../../../Engine/Content/EngineDamageTypes/DmgTypeBP_Environmental.uasset" 181
"../../../Engine/Content/EngineDebugMaterials/HeatmapGradient.uasset" 182
"../../../Engine/Content/EngineDebugMaterials/BoneWeightMaterial.uasset" 183
"../../../Engine/Content/EngineDebugMaterials/ClothMaterial.uasset" 184
"../../../Engine/Content/EngineDebugMaterials/ClothMaterial_WF.uasset" 185
"../../../Engine/Content/EngineDebugMaterials/DebugEditorMaterial.uasset" 186
"../../../Engine/Content/EngineDebugMaterials/DebugMeshMaterial.uasset" 187
"../../../Engine/Content/EngineDebugMaterials/GeomMaterial.uasset" 188
"../../../Engine/Content/Functions/Engine_MaterialFunctions01/Shading/ConvertFromDiffSpec.uasset" 189
"../../../Engine/Content/EngineDebugMaterials/LevelColorationLitMaterial.uasset" 190
"../../../Engine/Content/EngineDebugMaterials/LevelColorationUnlitMaterial.uasset" 191
"../../../Engine/Content/EngineMaterials/DefaultWhiteGrid.uasset" 192
"../../../Engine/Content/EngineDebugMaterials/MAT_LevelColorationLitLightmapUV.uasset" 193
"../../../Engine/Content/EngineDebugMaterials/M_SimpleTranslucent.uasset" 194
"../../../Engine/Content/EngineDebugMaterials/ShadedLevelColorationLitMaterial.uasset" 195
"../../../Engine/Content/EngineDebugMaterials/ShadedLevelColorationUnlitMateri.uasset" 196
"../../../Engine/Content/EngineDebugMaterials/VertexColorMaterial.uasset" 197
"../../../Engine/Content/EngineDebugMaterials/VertexColorViewMode_AlphaAsColor.uasset" 198
"../../../Engine/Content/EngineDebugMaterials/VertexColorViewMode_BlueOnly.uasset" 199
"../../../Engine/Content/EngineDebugMaterials/VertexColorViewMode_ColorOnly.uasset" 200
"../../../Engine/Content/EngineDebugMaterials/VertexColorViewMode_GreenOnly.uasset" 201
"../../../Engine/Content/EngineDebugMaterials/VertexColorViewMode_RedOnly.uasset" 202
"../../../Engine/Content/EngineDebugMaterials/WireframeMaterial.uasset" 203
"../../../Engine/Content/EngineFonts/Faces/RobotoBold.uasset" 204
"../../../Engine/Content/EngineFonts/Faces/RobotoBoldItalic.uasset" 205
"../../../Engine/Content/EngineFonts/Faces/RobotoItalic.uasset" 206
"../../../Engine/Content/EngineFonts/Faces/RobotoLight.uasset" 207
"../../../Engine/Content/EngineFonts/Faces/RobotoRegular.uasset" 208
"../../../Engine/Content/EngineFonts/Roboto.uasset" 209
"../../../Engine/Content/EngineFonts/Faces/RobotoTiny.uasset" 210
"../../../Engine/Content/EngineFonts/RobotoTiny.uasset" 211
"../../../Engine/Content/EngineFonts/SmallFont.uasset" 212
"../../../Engine/Content/EngineFonts/TinyFont.uasset" 213
"../../../Engine/Content/EngineFonts/RobotoDistanceField.uasset" 214
"../../../Engine/Content/EngineMaterials/AntiAliasedTextMaterialTranslucent.uasset" 215
"../../../Engine/Content/EngineMaterials/BaseFlattenDiffuseMap.uasset" 216
"../../../Engine/Content/EngineMaterials/BaseFlattenEmissiveMap.uasset" 217
"../../../Engine/Content/EngineMaterials/BaseFlattenGrayscaleMap.uasset" 218
"../../../Engine/Content/EngineMaterials/BaseFlattenNormalMap.uasset" 219
"../../../Engine/Content/EngineMaterials/BaseFlattenMaterial.uasset" 220
"../../../Engine/Content/EngineResources/WhiteSquareTexture.uasset" 221
"../../../Engine/Content/EngineMaterials/BlinkingCaret.uasset" 222
"../../../Engine/Content/EngineMaterials/DefaultBloomKernel.uasset" 223
"../../../Engine/Content/EngineMaterials/DefaultBokeh.uasset" 224
"../../../Engine/Content/EngineMaterials/DefaultDiffuse.uasset" 225
"../../../Engine/Content/EngineMaterials/DefaultDeferredDecalMaterial.uasset" 226
"../../../Engine/Content/EngineMaterials/DefaultLightFunctionMaterial.uasset" 227
"../../../Engine/Content/EngineMaterials/DefaultNormal.uasset" 228
"../../../Engine/Content/EngineMaterials/DefaultPostProcessMaterial.uasset" 229
"../../../Engine/Content/EngineMaterials/DefaultTextMaterialOpaque.uasset" 230
"../../../Engine/Content/EngineMaterials/EditorBrushMaterial.uasset" 231
"../../../Engine/Content/EngineMaterials/Good64x64TilingNoiseHighFreq.uasset" 232
"../../../Engine/Content/EngineMaterials/Grid_N.uasset" 233
"../../../Engine/Content/EngineMaterials/HighResolutionScreenshotMaskFunction.uasset" 234
"../../../Engine/Content/EngineMaterials/HighResScreenshot.uasset" 235
"../../../Engine/Content/EngineMaterials/HighResScreenshotCaptureRegion.uasset" 236
"../../../Engine/Content/EngineMaterials/HighResScreenshotMask.uasset" 237
"../../../Engine/Content/EngineMaterials/LandscapeHolePhysicalMaterial.uasset" 238
"../../../Engine/Content/EngineMaterials/InvalidLightmapSettings.uasset" 239
"../../../Engine/Content/EngineMaterials/M_InvalidLightmapSettings.uasset" 240
"../../../Engine/Content/EngineMaterials/PaperDiffuse.uasset" 241
"../../../Engine/Content/EngineMaterials/PaperNormal.uasset" 242
"../../../Engine/Content/Functions/Engine_MaterialFunctions02/WorldPositionOffset/CameraOffset.uasset" 243
"../../../Engine/Content/EngineMaterials/PhAT_JointLimitMaterial.uasset" 244
"../../../Engine/Content/EngineMaterials/PhysMat_Rubber.uasset" 245
"../../../Engine/Content/EngineMaterials/PreintegratedSkinBRDF.uasset" 246
"../../../Engine/Content/EngineMaterials/RemoveSurfaceMaterial.uasset" 247
"../../../Engine/Content/EngineMaterials/WeightMapPlaceholderTexture.uasset" 248
"../../../Engine/Content/EngineMaterials/Widget3DPassThrough.uasset" 249
"../../../Engine/Content/EngineMaterials/Widget3DPassThrough_Masked.uasset" 250
"../../../Engine/Content/EngineMaterials/Widget3DPassThrough_Opaque.uasset" 251
"../../../Engine/Content/EngineMaterials/Widget3DPassThrough_Masked_OneSided.uasset" 252
"../../../Engine/Content/EngineMaterials/Widget3DPassThrough_Opaque_OneSided.uasset" 253
"../../../Engine/Content/EngineMaterials/Widget3DPassThrough_Translucent.uasset" 254
"../../../Engine/Content/EngineMaterials/Widget3DPassThrough_Translucent_OneSided.uasset" 255
"../../../Engine/Content/EngineMeshes/Cube.uasset" 256
"../../../Engine/Content/EngineMeshes/Cylinder.uasset" 257
"../../../Engine/Content/EngineMeshes/Sphere.uasset" 258
"../../../Engine/Content/EngineResources/Black.uasset" 259
"../../../Engine/Content/EngineResources/DefaultTexture.uasset" 260
"../../../Engine/Content/EngineResources/DefaultTextureCube.uasset" 261
"../../../Engine/Content/EngineResources/DefaultVolumeTexture2D.uasset" 262
"../../../Engine/Content/EngineResources/DefaultVolumeTexture.uasset" 263
"../../../Engine/Content/EngineResources/GradientTexture0.uasset" 264
"../../../Engine/Content/EngineResources/StreamingPauseIcon.uasset" 265
"../../../Engine/Content/EngineResources/M_StreamingPause.uasset" 266
"../../../Engine/Content/EngineSky/C_Sky_Cloud_Color.uasset" 267
"../../../Engine/Content/EngineSky/C_Sky_Horizon_Color.uasset" 268
"../../../Engine/Content/EngineSky/C_Sky_Zenith_Color.uasset" 269
"../../../Engine/Content/EngineSky/T_Sky_Blue.uasset" 270
"../../../Engine/Content/EngineSky/T_Sky_Clouds_M.uasset" 271
"../../../Engine/Content/EngineSky/T_Sky_Stars.uasset" 272
"../../../Engine/Content/EngineSky/M_Sky_Panning_Clouds2.uasset" 273
"../../../Engine/Content/EngineSky/SM_SkySphere.uasset" 274
"../../../Engine/Content/EngineSky/BP_Sky_Sphere.uasset" 275
"../../../Engine/Content/EngineSounds/Master.uasset" 276
"../../../Engine/Content/Functions/Engine_MaterialFunctions01/Shading/PowerToRoughness.uasset" 277
"../../../Engine/Content/Maps/Templates/Thumbnails/Default.uasset" 278
"../../../Engine/Content/Maps/Templates/Thumbnails/VR-Basic.uasset" 279
"../../../Engine/Content/MapTemplates/Sky/DaylightAmbientCubemap.uasset" 280
"../../../Engine/Content/MobileResources/T_MobileControls_texture.uasset" 281
"../../../Engine/Content/MobileResources/T_MobileMenu2.uasset" 282
"../../../Engine/Content/MobileResources/HUD/AnalogHat.uasset" 283
"../../../Engine/Content/MobileResources/HUD/VirtualJoystick_Background.uasset" 284
"../../../Engine/Content/MobileResources/HUD/VirtualJoystick_Thumb.uasset" 285
"../../../Engine/Content/MobileResources/HUD/DefaultVirtualJoysticks.uasset" 286
"../../../Engine/Content/MobileResources/HUD/LeftVirtualJoystickOnly.uasset" 287
"../../../Engine/Content/MobileResources/HUD/MobileHUDButton1_off.uasset" 288
"../../../Engine/Content/MobileResources/HUD/MobileHUDButton1_on.uasset" 289
"../../../Engine/Content/MobileResources/HUD/MobileHUDButton2_off.uasset" 290
"../../../Engine/Content/MobileResources/HUD/MobileHUDButton2_on.uasset" 291
"../../../Engine/Content/MobileResources/HUD/MobileHUDButton3.uasset" 292
"../../../Engine/Content/MobileResources/HUD/MobileHUDButtonFire.uasset" 293
"../../../Engine/Content/MobileResources/HUD/MobileHUDDirectionPad.uasset" 294
"../../../Engine/Content/MobileResources/HUD/MobileHUDDirectionPad2.uasset" 295
"../../../Engine/Content/MobileResources/HUD/MobileHUDDirectionPad3.uasset" 296
"../../../Engine/Content/MobileResources/HUD/MobileHUDDirectionStick.uasset" 297
"../../../Engine/Content/MobileResources/HUD/T_Castle_ThumbstickInner.uasset" 298
"../../../Engine/Content/MobileResources/HUD/T_Castle_ThumbstickOutter.uasset" 299
"../../../Engine/Content/Tutorial/ContentIntroCurve.uasset" 300
"../../../Engine/Content/Tutorial/Basics/TutorialAssets/CameraActor_64x.uasset" 301
"../../../Engine/Content/Tutorial/Basics/TutorialAssets/icon_tab_Levels_40x.uasset" 302
"../../../Engine/Content/Tutorial/BlueprintTutorials/TutorialAssets/BlueprintInterface_64x.uasset" 303
"../../../Engine/Content/Tutorial/BlueprintTutorials/TutorialAssets/BlueprintMacroLibrary_64x.uasset" 304
"../../../Engine/Content/Tutorial/BlueprintTutorials/TutorialAssets/Blueprint_64x.uasset" 305
"../../../Engine/Content/EditorBlueprintResources/ActorMacros.uasset" 306
"../../../Engine/Content/Tutorial/BlueprintTutorials/TutorialAssets/Tutorial_BP_Class.uasset" 307
"../../../Engine/Content/Tutorial/BlueprintTutorials/TutorialAssets/Tutorial_BP_Interface.uasset" 308
"../../../Engine/Content/Tutorial/Foliage/TutorialAssets/Foliage.uasset" 309
"../../../Engine/Content/Tutorial/Landscape/TutorialAssets/Landscape.uasset" 310
"../../../Engine/Content/Tutorial/Mobile/TutorialAssets/android_Icon.uasset" 311
"../../../Engine/Content/Tutorial/Mobile/TutorialAssets/IOS.uasset" 312
"../../../Engine/Content/Tutorial/Paper2D/TutorialAssets/Paper2DFlipbook_TutorialIcon.uasset" 313
"../../../Engine/Content/Tutorial/Paper2D/TutorialAssets/Paper2DSprite_TutorialIcon.uasset" 314
"../../../Engine/Content/Tutorial/SubEditors/TutorialAssets/icon_Editor_Preferences_General_40x.uasset" 315
"../../../Engine/Content/Tutorial/SubEditors/TutorialAssets/icon_ShowSkeletalMeshes_40x.uasset" 316
"../../../Engine/Content/Tutorial/SubEditors/TutorialAssets/TutorialMaterial.uasset" 317
"../../../Engine/Content/Tutorial/SubEditors/TutorialAssets/T_SmokeSubUV_8X8.uasset" 318
"../../../Engine/Content/Tutorial/SubEditors/TutorialAssets/T_soft_smoke.uasset" 319
"../../../Engine/Content/Tutorial/SubEditors/TutorialAssets/M_smoke_subUV_blackbody.uasset" 320
"../../../Engine/Content/Tutorial/SubEditors/TutorialAssets/TutorialParticleSystem.uasset" 321
"../../../Engine/Content/VREditor/LaserPointer/VR_LaserPower_01.uasset" 322
"../../../Engine/Content/VREditor/TransformGizmo/TransformGizmoMaterial.uasset" 323
"../../../Engine/Content/VREditor/TransformGizmo/TranslucentTransformGizmoMaterial.uasset" 324
"../../../Engine/Content/VREditor/TransformGizmo/BoundingBoxCorner.uasset" 325
"../../../Engine/Content/VREditor/TransformGizmo/BoundingBoxEdge.uasset" 326
"../../../Engine/Content/VREditor/TransformGizmo/PlaneTranslationHandle.uasset" 327
"../../../Engine/Content/VREditor/TransformGizmo/Main.uasset" 328
"../../../Engine/Content/VREditor/TransformGizmo/Xray.uasset" 329
"../../../Engine/Content/VREditor/TransformGizmo/SM_Sequencer_Key.uasset" 330
"../../../Engine/Content/VREditor/TransformGizmo/SM_Sequencer_Node.uasset" 331
"../../../../../../Users/Admin/Documents/GitHub/shooter56/Content/Geometry/Meshes/CubeMaterial.uasset" 332
"../../../../../../Users/Admin/Documents/GitHub/shooter56/Content/Geometry/Meshes/1M_Cube.uasset" 333
"../../../../../../Users/Admin/Documents/GitHub/shooter56/Content/Geometry/Meshes/1M_Cube_Chamfer.uasset" 334
"../../../../../../Users/Admin/Documents/GitHub/shooter56/Content/Geometry/Meshes/TemplateFloor.uasset" 335
"../../../../../../Users/Admin/Documents/GitHub/shooter56/Content/StarterContent/Materials/M_Basic_Floor.uasset" 336
"../../../../../../Users/Admin/Documents/GitHub/shooter56/Content/StarterContent/Architecture/Floor_400x400.uasset" 337
"../../../../../../Users/Admin/Documents/GitHub/shooter56/Content/StarterContent/Materials/M_Basic_Wall.uasset" 338
"../../../../../../Users/Admin/Documents/GitHub/shooter56/Content/StarterContent/Architecture/Wall_400x200.uasset" 339
"../../../../../../Users/Admin/Documents/GitHub/shooter56/Content/StarterContent/Architecture/Wall_Door_400x300.uasset" 340
"../../../../../../Users/Admin/Documents/GitHub/shooter56/Content/StarterContent/Architecture/Wall_Window_400x300.uasset" 341
"../../../../../../Users/Admin/Documents/GitHub/shooter56/Content/StarterContent/Audio/Collapse01.uasset" 342
"../../../../../../Users/Admin/Documents/GitHub/shooter56/Content/StarterContent/Audio/Collapse02.uasset" 343
"../../../../../../Users/Admin/Documents/GitHub/shooter56/Content/StarterContent/Audio/Collapse_Cue.uasset" 344
"../../../../../../Users/Admin/Documents/GitHub/shooter56/Content/StarterContent/Audio/Fire01.uasset" 345
"../../../../../../Users/Admin/Documents/GitHub/shooter56/Content/StarterContent/Audio/Fire_Sparks01.uasset" 346
"../../../../../../Users/Admin/Documents/GitHub/shooter56/Content/StarterContent/Audio/Smoke01.uasset" 347
"../../../../../../Users/Admin/Documents/GitHub/shooter56/Content/StarterContent/Audio/Starter_Background_Cue.uasset" 348
"../../../../../../Users/Admin/Documents/GitHub/shooter56/Content/StarterContent/Audio/Starter_Birds01.uasset" 349
"../../../../../../Users/Admin/Documents/GitHub/shooter56/Content/StarterContent/Audio/Starter_Music01.uasset" 350
"../../../../../../Users/Admin/Documents/GitHub/shooter56/Content/StarterContent/Audio/Starter_Music_Cue.uasset" 351
"../../../../../../Users/Admin/Documents/GitHub/shooter56/Content/StarterContent/Audio/Starter_Wind05.uasset" 352
"../../../../../../Users/Admin/Documents/GitHub/shooter56/Content/StarterContent/Audio/Starter_Wind06.uasset" 353
"../../../../../../Users/Admin/Documents/GitHub/shooter56/Content/StarterContent/Audio/Steam01.uasset" 354
"../../../../../../Users/Admin/Documents/GitHub/shooter56/Content/StarterContent/Textures/T_Lamp_M.uasset" 355
"../../../../../../Users/Admin/Documents/GitHub/shooter56/Content/StarterContent/Textures/T_Lamp_N.uasset" 356
"../../../../../../Users/Admin/Documents/GitHub/shooter56/Content/StarterContent/Props/Materials/M_Lamp.uasset" 357
"../../../../../../Users/Admin/Documents/GitHub/shooter56/Content/StarterContent/Props/SM_Lamp_Ceiling.uasset" 358
"../../../../../../Users/Admin/Documents/GitHub/shooter56/Content/StarterContent/Blueprints/Blueprint_CeilingLight.uasset" 359
"../../../../../../Users/Admin/Documents/GitHub/shooter56/Content/StarterContent/Audio/Fire01_Cue.uasset" 360
"../../../../../../Users/Admin/Documents/GitHub/shooter56/Content/StarterContent/Textures/T_Fire_SubUV.uasset" 361
"../../../../../../Users/Admin/Documents/GitHub/shooter56/Content/StarterContent/Textures/T_Fire_Tiled_D.uasset" 362
"../../../../../../Users/Admin/Documents/GitHub/shooter56/Content/StarterContent/Particles/Materials/M_Fire_SubUV.uasset" 363
"../../../../../../Users/Admin/Documents/GitHub/shooter56/Content/StarterContent/Textures/T_Water_N.uasset" 364
"../../../../../../Users/Admin/Documents/GitHub/shooter56/Content/StarterContent/Particles/Materials/M_Heat_Distortion.uasset" 365
"../../../Engine/Content/Functions/Engine_MaterialFunctions01/Gradient/RadialGradient.uasset" 366
"../../../../../../Users/Admin/Documents/GitHub/shooter56/Content/StarterContent/Particles/Materials/M_Radial_Gradient.uasset" 367
"../../../../../../Users/Admin/Documents/GitHub/shooter56/Content/StarterContent/Textures/T_Smoke_SubUV.uasset" 368
"../../../../../../Users/Admin/Documents/GitHub/shooter56/Content/StarterContent/Textures/T_Smoke_Tiled_D.uasset" 369
"../../../../../../Users/Admin/Documents/GitHub/shooter56/Content/StarterContent/Particles/Materials/M_smoke_subUV.uasset" 370
"../../../../../../Users/Admin/Documents/GitHub/shooter56/Content/StarterContent/Particles/P_Fire.uasset" 371
"../../../../../../Users/Admin/Documents/GitHub/shooter56/Content/StarterContent/Blueprints/Blueprint_Effect_Fire.uasset" 372
"../../../../../../Users/Admin/Documents/GitHub/shooter56/Content/StarterContent/Audio/Smoke01_Cue.uasset" 373
"../../../../../../Users/Admin/Documents/GitHub/shooter56/Content/StarterContent/Particles/P_Smoke.uasset" 374
"../../../../../../Users/Admin/Documents/GitHub/shooter56/Content/StarterContent/Blueprints/Blueprint_Effect_Smoke.uasset" 375
"../../../../../../Users/Admin/Documents/GitHub/shooter56/Content/StarterContent/Audio/Fire_Sparks01_Cue.uasset" 376
"../../../../../../Users/Admin/Documents/GitHub/shooter56/Content/StarterContent/Textures/T_Spark_Core.uasset" 377
"../../../../../../Users/Admin/Documents/GitHub/shooter56/Content/StarterContent/Particles/Materials/M_Spark.uasset" 378
"../../../../../../Users/Admin/Documents/GitHub/shooter56/Content/StarterContent/Particles/P_Sparks.uasset" 379
"../../../../../../Users/Admin/Documents/GitHub/shooter56/Content/StarterContent/Blueprints/Blueprint_Effect_Sparks.uasset" 380
"../../../../../../Users/Admin/Documents/GitHub/shooter56/Content/StarterContent/Audio/Steam01_Cue.uasset" 381
"../../../../../../Users/Admin/Documents/GitHub/shooter56/Content/StarterContent/Particles/P_Steam_Lit.uasset" 382
"../../../../../../Users/Admin/Documents/GitHub/shooter56/Content/StarterContent/Blueprints/Blueprint_Effect_Steam.uasset" 383
"../../../../../../Users/Admin/Documents/GitHub/shooter56/Content/StarterContent/Props/SM_Lamp_Wall.uasset" 384
"../../../../../../Users/Admin/Documents/GitHub/shooter56/Content/StarterContent/Blueprints/Blueprint_WallSconce.uasset" 385
"../../../../../../Users/Admin/Documents/GitHub/shooter56/Content/StarterContent/Textures/T_Brick_Clay_Beveled_D.uasset" 386
"../../../../../../Users/Admin/Documents/GitHub/shooter56/Content/StarterContent/Textures/T_Brick_Clay_Beveled_M.uasset" 387
"../../../../../../Users/Admin/Documents/GitHub/shooter56/Content/StarterContent/Textures/T_Brick_Clay_Beveled_N.uasset" 388
"../../../../../../Users/Admin/Documents/GitHub/shooter56/Content/StarterContent/Textures/T_MacroVariation.uasset" 389
"../../../../../../Users/Admin/Documents/GitHub/shooter56/Content/StarterContent/Materials/M_Brick_Clay_Beveled.uasset" 390
"../../../../../../Users/Admin/Documents/GitHub/shooter56/Content/StarterContent/Textures/T_Brick_Clay_New_D.uasset" 391
"../../../../../../Users/Admin/Documents/GitHub/shooter56/Content/StarterContent/Textures/T_Brick_Clay_New_M.uasset" 392
"../../../../../../Users/Admin/Documents/GitHub/shooter56/Content/StarterContent/Textures/T_Brick_Clay_New_N.uasset" 393
"../../../../../../Users/Admin/Documents/GitHub/shooter56/Content/StarterContent/Textures/T_Detail_Rocky_N.uasset" 394
"../../../../../../Users/Admin/Documents/GitHub/shooter56/Content/StarterContent/Materials/M_Brick_Clay_New.uasset" 395
"../../../../../../Users/Admin/Documents/GitHub/shooter56/Content/StarterContent/Textures/T_Brick_Clay_Old_D.uasset" 396
"../../../../../../Users/Admin/Documents/GitHub/shooter56/Content/StarterContent/Textures/T_Brick_Clay_Old_N.uasset" 397
"../../../../../../Users/Admin/Documents/GitHub/shooter56/Content/StarterContent/Textures/T_Perlin_Noise_M.uasset" 398
"../../../../../../Users/Admin/Documents/GitHub/shooter56/Content/StarterContent/Materials/M_Brick_Clay_Old.uasset" 399
"../../../../../../Users/Admin/Documents/GitHub/shooter56/Content/StarterContent/Textures/T_Brick_Cut_Stone_D.uasset" 400
"../../../../../../Users/Admin/Documents/GitHub/shooter56/Content/StarterContent/Textures/T_Brick_Cut_Stone_N.uasset" 401
"../../../../../../Users/Admin/Documents/GitHub/shooter56/Content/StarterContent/Materials/M_Brick_Cut_Stone.uasset" 402
"../../../../../../Users/Admin/Documents/GitHub/shooter56/Content/StarterContent/Textures/T_Brick_Hewn_Stone_D.uasset" 403
"../../../../../../Users/Admin/Documents/GitHub/shooter56/Content/StarterContent/Textures/T_Brick_Hewn_Stone_M.uasset" 404
"../../../../../../Users/Admin/Documents/GitHub/shooter56/Content/StarterContent/Textures/T_Brick_Hewn_Stone_N.uasset" 405
"../../../../../../Users/Admin/Documents/GitHub/shooter56/Content/StarterContent/Materials/M_Brick_Hewn_Stone.uasset" 406
"../../../../../../Users/Admin/Documents/GitHub/shooter56/Content/StarterContent/Textures/T_Ceramic_Tile_M.uasset" 407
"../../../../../../Users/Admin/Documents/GitHub/shooter56/Content/StarterContent/Textures/T_Ceramic_Tile_N.uasset" 408
"../../../../../../Users/Admin/Documents/GitHub/shooter56/Content/StarterContent/Textures/T_Rock_Marble_Polished_D.uasset" 409
"../../../../../../Users/Admin/Documents/GitHub/shooter56/Content/StarterContent/Materials/M_Ceramic_Tile_Checker.uasset" 410
"../../../../../../Users/Admin/Documents/GitHub/shooter56/Content/StarterContent/Textures/T_CobbleStone_Pebble_D.uasset" 411
"../../../../../../Users/Admin/Documents/GitHub/shooter56/Content/StarterContent/Textures/T_CobbleStone_Pebble_M.uasset" 412
"../../../../../../Users/Admin/Documents/GitHub/shooter56/Content/StarterContent/Textures/T_CobbleStone_Pebble_N.uasset" 413
"../../../../../../Users/Admin/Documents/GitHub/shooter56/Content/StarterContent/Materials/M_CobbleStone_Pebble.uasset" 414
"../../../../../../Users/Admin/Documents/GitHub/shooter56/Content/StarterContent/Textures/T_CobbleStone_Rough_D.uasset" 415
"../../../../../../Users/Admin/Documents/GitHub/shooter56/Content/StarterContent/Textures/T_CobbleStone_Rough_N.uasset" 416
"../../../../../../Users/Admin/Documents/GitHub/shooter56/Content/StarterContent/Textures/T_Gradinet_01.uasset" 417
"../../../../../../Users/Admin/Documents/GitHub/shooter56/Content/StarterContent/Textures/T_Rock_Smooth_Granite_D.uasset" 418
"../../../../../../Users/Admin/Documents/GitHub/shooter56/Content/StarterContent/Materials/M_CobbleStone_Rough.uasset" 419
"../../../../../../Users/Admin/Documents/GitHub/shooter56/Content/StarterContent/Textures/T_CobbleStone_Smooth_D.uasset" 420
"../../../../../../Users/Admin/Documents/GitHub/shooter56/Content/StarterContent/Textures/T_CobbleStone_Smooth_M.uasset" 421
"../../../../../../Users/Admin/Documents/GitHub/shooter56/Content/StarterContent/Textures/T_CobbleStone_Smooth_N.uasset" 422
"../../../../../../Users/Admin/Documents/GitHub/shooter56/Content/StarterContent/Materials/M_CobbleStone_Smooth.uasset" 423
"../../../../../../Users/Admin/Documents/GitHub/shooter56/Content/StarterContent/Textures/T_Concrete_Grime_D.uasset" 424
"../../../../../../Users/Admin/Documents/GitHub/shooter56/Content/StarterContent/Textures/T_Metal_Rust_N.uasset" 425
"../../../../../../Users/Admin/Documents/GitHub/shooter56/Content/StarterContent/Materials/M_Concrete_Grime.uasset" 426
"../../../../../../Users/Admin/Documents/GitHub/shooter56/Content/StarterContent/Textures/T_Concrete_Panels_D.uasset" 427
"../../../../../../Users/Admin/Documents/GitHub/shooter56/Content/StarterContent/Textures/T_Concrete_Panels_N.uasset" 428
"../../../../../../Users/Admin/Documents/GitHub/shooter56/Content/StarterContent/Materials/M_Concrete_Panels.uasset" 429
"../../../../../../Users/Admin/Documents/GitHub/shooter56/Content/StarterContent/Textures/T_Concrete_Poured_D.uasset" 430
"../../../../../../Users/Admin/Documents/GitHub/shooter56/Content/StarterContent/Textures/T_Concrete_Poured_N.uasset" 431
"../../../../../../Users/Admin/Documents/GitHub/shooter56/Content/StarterContent/Materials/M_Concrete_Poured.uasset" 432
"../../../../../../Users/Admin/Documents/GitHub/shooter56/Content/StarterContent/Textures/T_Concrete_Tiles_D.uasset" 433
"../../../../../../Users/Admin/Documents/GitHub/shooter56/Content/StarterContent/Textures/T_Concrete_Tiles_M.uasset" 434
"../../../../../../Users/Admin/Documents/GitHub/shooter56/Content/StarterContent/Textures/T_Concrete_Tiles_N.uasset" 435
"../../../../../../Users/Admin/Documents/GitHub/shooter56/Content/StarterContent/Textures/T_Concrete_Tiles_Variation_M.uasset" 436
"../../../../../../Users/Admin/Documents/GitHub/shooter56/Content/StarterContent/Materials/M_Concrete_Tiles.uasset" 437
"../../../../../../Users/Admin/Documents/GitHub/shooter56/Content/StarterContent/Textures/T_Ground_Grass_D.uasset" 438
"../../../../../../Users/Admin/Documents/GitHub/shooter56/Content/StarterContent/Textures/T_Ground_Grass_N.uasset" 439
"../../../../../../Users/Admin/Documents/GitHub/shooter56/Content/StarterContent/Materials/M_Ground_Grass.uasset" 440
"../../../../../../Users/Admin/Documents/GitHub/shooter56/Content/StarterContent/Textures/T_Ground_Gravel_D.uasset" 441
"../../../../../../Users/Admin/Documents/GitHub/shooter56/Content/StarterContent/Textures/T_Ground_Gravel_N.uasset" 442
"../../../../../../Users/Admin/Documents/GitHub/shooter56/Content/StarterContent/Materials/M_Ground_Gravel.uasset" 443
"../../../../../../Users/Admin/Documents/GitHub/shooter56/Content/StarterContent/Textures/T_ground_Moss_D.uasset" 444
"../../../../../../Users/Admin/Documents/GitHub/shooter56/Content/StarterContent/Textures/T_Ground_Moss_N.uasset" 445
"../../../../../../Users/Admin/Documents/GitHub/shooter56/Content/StarterContent/Materials/M_Ground_Moss.uasset" 446
"../../../../../../Users/Admin/Documents/GitHub/shooter56/Content/StarterContent/Materials/M_Metal_Brushed_Nickel.uasset" 447
"../../../../../../Users/Admin/Documents/GitHub/shooter56/Content/StarterContent/Textures/T_Metal_Aluminum_D.uasset" 448
"../../../../../../Users/Admin/Documents/GitHub/shooter56/Content/StarterContent/Textures/T_Metal_Gold_N.uasset" 449
"../../../../../../Users/Admin/Documents/GitHub/shooter56/Content/StarterContent/Materials/M_Metal_Burnished_Steel.uasset" 450
"../../../../../../Users/Admin/Documents/GitHub/shooter56/Content/StarterContent/Materials/M_Metal_Chrome.uasset" 451
"../../../../../../Users/Admin/Documents/GitHub/shooter56/Content/StarterContent/Textures/T_Metal_Copper_D.uasset" 452
"../../../../../../Users/Admin/Documents/GitHub/shooter56/Content/StarterContent/Materials/M_Metal_Copper.uasset" 453
"../../../../../../Users/Admin/Documents/GitHub/shooter56/Content/StarterContent/Textures/T_Metal_Gold_D.uasset" 454
"../../../../../../Users/Admin/Documents/GitHub/shooter56/Content/StarterContent/Materials/M_Metal_Gold.uasset" 455
"../../../Engine/Content/Functions/Engine_MaterialFunctions02/Utility/BlendAngleCorrectedNormals.uasset" 456
"../../../../../../Users/Admin/Documents/GitHub/shooter56/Content/StarterContent/Textures/T_Metal_Rust_D.uasset" 457
"../../../../../../Users/Admin/Documents/GitHub/shooter56/Content/StarterContent/Materials/M_Metal_Rust.uasset" 458
"../../../../../../Users/Admin/Documents/GitHub/shooter56/Content/StarterContent/Textures/T_Metal_Steel_D.uasset" 459
"../../../../../../Users/Admin/Documents/GitHub/shooter56/Content/StarterContent/Textures/T_Metal_Steel_N.uasset" 460
"../../../../../../Users/Admin/Documents/GitHub/shooter56/Content/StarterContent/Materials/M_Metal_Steel.uasset" 461
"../../../../../../Users/Admin/Documents/GitHub/shooter56/Content/StarterContent/Textures/T_Rock_Basalt_D.uasset" 462
"../../../../../../Users/Admin/Documents/GitHub/shooter56/Content/StarterContent/Textures/T_Rock_Basalt_N.uasset" 463
"../../../../../../Users/Admin/Documents/GitHub/shooter56/Content/StarterContent/Materials/M_Rock_Basalt.uasset" 464
"../../../../../../Users/Admin/Documents/GitHub/shooter56/Content/StarterContent/Materials/M_Rock_Marble_Polished.uasset" 465
"../../../../../../Users/Admin/Documents/GitHub/shooter56/Content/StarterContent/Textures/T_Rock_Sandstone_D.uasset" 466
"../../../../../../Users/Admin/Documents/GitHub/shooter56/Content/StarterContent/Textures/T_Rock_Sandstone_N.uasset" 467
"../../../../../../Users/Admin/Documents/GitHub/shooter56/Content/StarterContent/Materials/M_Rock_Sandstone.uasset" 468
"../../../../../../Users/Admin/Documents/GitHub/shooter56/Content/StarterContent/Textures/T_Rock_Slate_D.uasset" 469
"../../../../../../Users/Admin/Documents/GitHub/shooter56/Content/StarterContent/Textures/T_Rock_Slate_N.uasset" 470
"../../../../../../Users/Admin/Documents/GitHub/shooter56/Content/StarterContent/Materials/M_Rock_Slate.uasset" 471
"../../../../../../Users/Admin/Documents/GitHub/shooter56/Content/StarterContent/Textures/T_Checker_Noise_M.uasset" 472
"../../../../../../Users/Admin/Documents/GitHub/shooter56/Content/StarterContent/Textures/T_Single_Tile_N.uasset" 473
"../../../../../../Users/Admin/Documents/GitHub/shooter56/Content/StarterContent/Textures/T_Tech_Dot_M.uasset" 474
"../../../../../../Users/Admin/Documents/GitHub/shooter56/Content/StarterContent/Textures/T_Tech_Dot_N.uasset" 475
"../../../../../../Users/Admin/Documents/GitHub/shooter56/Content/StarterContent/Materials/M_Tech_Checker_Dot.uasset" 476
"../../../../../../Users/Admin/Documents/GitHub/shooter56/Content/StarterContent/Textures/T_Tech_Hex_Tile_M.uasset" 477
"../../../../../../Users/Admin/Documents/GitHub/shooter56/Content/StarterContent/Textures/T_Tech_Hex_Tile_N.uasset" 478
"../../../../../../Users/Admin/Documents/GitHub/shooter56/Content/StarterContent/Materials/M_Tech_Hex_Tile.uasset" 479
"../../../../../../Users/Admin/Documents/GitHub/shooter56/Content/StarterContent/Materials/M_Tech_Hex_Tile_Pulse.uasset" 480
"../../../../../../Users/Admin/Documents/GitHub/shooter56/Content/StarterContent/Textures/T_Tech_Panel_M.uasset" 481
"../../../../../../Users/Admin/Documents/GitHub/shooter56/Content/StarterContent/Textures/T_Tech_Panel_N.uasset" 482
"../../../../../../Users/Admin/Documents/GitHub/shooter56/Content/StarterContent/Materials/M_Tech_Panel.uasset" 483
"../../../../../../Users/Admin/Documents/GitHub/shooter56/Content/StarterContent/Materials/M_Water_Lake.uasset" 484
"../../../../../../Users/Admin/Documents/GitHub/shooter56/Content/StarterContent/Textures/T_Water_M.uasset" 485
"../../../../../../Users/Admin/Documents/GitHub/shooter56/Content/StarterContent/Materials/M_Water_Ocean.uasset" 486
"../../../../../../Users/Admin/Documents/GitHub/shooter56/Content/StarterContent/Textures/T_Wood_Floor_Walnut_D.uasset" 487
"../../../../../../Users/Admin/Documents/GitHub/shooter56/Content/StarterContent/Textures/T_Wood_Floor_Walnut_M.uasset" 488
"../../../../../../Users/Admin/Documents/GitHub/shooter56/Content/StarterContent/Textures/T_Wood_Floor_Walnut_N.uasset" 489
"../../../../../../Users/Admin/Documents/GitHub/shooter56/Content/StarterContent/Materials/M_Wood_Floor_Walnut_Polished.uasset" 490
"../../../Engine/Content/Functions/Engine_MaterialFunctions01/Opacity/AlphaOffset.uasset" 491
"../../../../../../Users/Admin/Documents/GitHub/shooter56/Content/StarterContent/Materials/M_Wood_Floor_Walnut_Worn.uasset" 492
"../../../../../../Users/Admin/Documents/GitHub/shooter56/Content/StarterContent/Textures/T_Wood_Oak_D.uasset" 493
"../../../../../../Users/Admin/Documents/GitHub/shooter56/Content/StarterContent/Textures/T_Wood_Oak_N.uasset" 494
"../../../../../../Users/Admin/Documents/GitHub/shooter56/Content/StarterContent/Materials/M_Wood_Oak.uasset" 495
"../../../../../../Users/Admin/Documents/GitHub/shooter56/Content/StarterContent/Textures/T_Wood_Pine_D.uasset" 496
"../../../../../../Users/Admin/Documents/GitHub/shooter56/Content/StarterContent/Textures/T_Wood_Pine_N.uasset" 497
"../../../../../../Users/Admin/Documents/GitHub/shooter56/Content/StarterContent/Materials/M_Wood_Pine.uasset" 498
"../../../../../../Users/Admin/Documents/GitHub/shooter56/Content/StarterContent/Textures/T_Wood_Walnut_D.uasset" 499
"../../../../../../Users/Admin/Documents/GitHub/shooter56/Content/StarterContent/Textures/T_Wood_Walnut_N.uasset" 500
"../../../../../../Users/Admin/Documents/GitHub/shooter56/Content/StarterContent/Materials/M_Wood_Walnut.uasset" 501
"../../../../../../Users/Admin/Documents/GitHub/shooter56/Content/StarterContent/Textures/T_Dust_Particle_D.uasset" 502
"../../../../../../Users/Admin/Documents/GitHub/shooter56/Content/StarterContent/Particles/Materials/M_Dust_Particle.uasset" 503
"../../../../../../Users/Admin/Documents/GitHub/shooter56/Content/StarterContent/Particles/P_Ambient_Dust.uasset" 504
"../../../../../../Users/Admin/Documents/GitHub/shooter56/Content/StarterContent/Props/MaterialSphere.uasset" 505
"../../../../../../Users/Admin/Documents/GitHub/shooter56/Content/StarterContent/Textures/T_Chair_M.uasset" 506
"../../../../../../Users/Admin/Documents/GitHub/shooter56/Content/StarterContent/Textures/T_Chair_N.uasset" 507
"../../../../../../Users/Admin/Documents/GitHub/shooter56/Content/StarterContent/Props/Materials/M_Chair.uasset" 508
"../../../../../../Users/Admin/Documents/GitHub/shooter56/Content/StarterContent/Props/SM_Chair.uasset" 509
"../../../../../../Users/Admin/Documents/GitHub/shooter56/Content/StarterContent/Textures/T_Frame_M.uasset" 510
"../../../../../../Users/Admin/Documents/GitHub/shooter56/Content/StarterContent/Textures/T_Frame_N.uasset" 511
"../../../../../../Users/Admin/Documents/GitHub/shooter56/Content/StarterContent/Props/Materials/M_Frame.uasset" 512
"../../../../../../Users/Admin/Documents/GitHub/shooter56/Content/StarterContent/Props/SM_CornerFrame.uasset" 513
"../../../../../../Users/Admin/Documents/GitHub/shooter56/Content/StarterContent/Props/SM_DoorFrame.uasset" 514
"../../../../../../Users/Admin/Documents/GitHub/shooter56/Content/StarterContent/Materials/M_Glass.uasset" 515
"../../../../../../Users/Admin/Documents/GitHub/shooter56/Content/StarterContent/Props/SM_GlassWindow.uasset" 516
"../../../../../../Users/Admin/Documents/GitHub/shooter56/Content/StarterContent/Props/SM_PillarFrame.uasset" 517
"../../../../../../Users/Admin/Documents/GitHub/shooter56/Content/StarterContent/Props/SM_PillarFrame300.uasset" 518
"../../../../../../Users/Admin/Documents/GitHub/shooter56/Content/StarterContent/Textures/T_Statue_M.uasset" 519
"../../../../../../Users/Admin/Documents/GitHub/shooter56/Content/StarterContent/Textures/T_Statue_N.uasset" 520
"../../../../../../Users/Admin/Documents/GitHub/shooter56/Content/StarterContent/Props/Materials/M_Statue.uasset" 521
"../../../../../../Users/Admin/Documents/GitHub/shooter56/Content/StarterContent/Props/Materials/M_StatueGlass.uasset" 522
"../../../../../../Users/Admin/Documents/GitHub/shooter56/Content/StarterContent/Props/SM_Statue.uasset" 523
"../../../../../../Users/Admin/Documents/GitHub/shooter56/Content/StarterContent/Textures/T_TableRound_M.uasset" 524
"../../../../../../Users/Admin/Documents/GitHub/shooter56/Content/StarterContent/Textures/T_TableRound_N.uasset" 525
"../../../../../../Users/Admin/Documents/GitHub/shooter56/Content/StarterContent/Props/Materials/M_TableRound.uasset" 526
"../../../../../../Users/Admin/Documents/GitHub/shooter56/Content/StarterContent/Props/SM_TableRound.uasset" 527
"../../../../../../Users/Admin/Documents/GitHub/shooter56/Content/StarterContent/Props/SM_WindowFrame.uasset" 528
"../../../../../../Users/Admin/Documents/GitHub/shooter56/Content/StarterContent/Shapes/Shape_Cube.uasset" 529
"../../../../../../Users/Admin/Documents/GitHub/shooter56/Content/StarterContent/Shapes/Shape_QuadPyramid.uasset" 530
"../../../../../../Users/Admin/Documents/GitHub/shooter56/Content/StarterContent/Shapes/Shape_Sphere.uasset" 531
"../../../../../../Users/Admin/Documents/GitHub/shooter56/Content/ThirdPerson/Meshes/RampMaterial.uasset" 532
"../../../../../../Users/Admin/Documents/GitHub/shooter56/Content/ThirdPerson/Meshes/Bump_StaticMesh.uasset" 533
"../../../../../../Users/Admin/Documents/GitHub/shooter56/Content/ThirdPerson/Meshes/LeftArm_StaticMesh.uasset" 534
"../../../../../../Users/Admin/Documents/GitHub/shooter56/Content/ThirdPerson/Meshes/Linear_Stair_StaticMesh.uasset" 535
"../../../../../../Users/Admin/Documents/GitHub/shooter56/Content/ThirdPerson/Meshes/Ramp_StaticMesh.uasset" 536
"../../../../../../Users/Admin/Documents/GitHub/shooter56/Content/ThirdPerson/Meshes/RightArm_StaticMesh.uasset" 537
"../../../../../../Users/Admin/Documents/GitHub/shooter56/Content/Mannequin/Character/Mesh/UE4_Mannequin_Skeleton.uasset" 538
"../../../../../../Users/Admin/Documents/GitHub/shooter56/Content/Mannequin/Animations/ThirdPerson_Jump.uasset" 539
"../../../../../../Users/Admin/Documents/GitHub/shooter56/Content/Mannequin/Animations/ThirdPersonJump_Loop.uasset" 540
"../../../../../../Users/Admin/Documents/GitHub/shooter56/Content/Mannequin/Animations/ThirdPersonJump_Start.uasset" 541
"../../../../../../Users/Admin/Documents/GitHub/shooter56/Content/Mannequin/Animations/ThirdPersonIdle.uasset" 542
"../../../../../../Users/Admin/Documents/GitHub/shooter56/Content/Mannequin/Animations/ThirdPersonRun.uasset" 543
"../../../../../../Users/Admin/Documents/GitHub/shooter56/Content/Mannequin/Animations/ThirdPersonWalk.uasset" 544
"../../../../../../Users/Admin/Documents/GitHub/shooter56/Content/Mannequin/Animations/ThirdPerson_IdleRun_2D.uasset" 545
"../../../../../../Users/Admin/Documents/GitHub/shooter56/Content/Mannequin/Animations/ThirdPerson_AnimBP.uasset" 546
"../../../Engine/Content/Functions/MaterialLayerFunctions/MatLayerBlend_NormalBlend.uasset" 547
"../../../Engine/Content/Functions/MaterialLayerFunctions/MatLayerBlend_Simple.uasset" 548
"../../../../../../Users/Admin/Documents/GitHub/shooter56/Content/Mannequin/Character/Materials/MaterialLayers/T_ML_Rubber_Blue_01_D.uasset" 549
"../../../../../../Users/Admin/Documents/GitHub/shooter56/Content/Mannequin/Character/Materials/MaterialLayers/T_ML_Rubber_Blue_01_N.uasset" 550
"../../../../../../Users/Admin/Documents/GitHub/shooter56/Content/Mannequin/Character/Materials/MaterialLayers/ML_GlossyBlack_Latex_UE4.uasset" 551
"../../../../../../Users/Admin/Documents/GitHub/shooter56/Content/Mannequin/Character/Materials/MaterialLayers/ML_Plastic_Shiny_Beige.uasset" 552
"../../../../../../Users/Admin/Documents/GitHub/shooter56/Content/Mannequin/Character/Textures/UE4_LOGO_CARD.uasset" 553
"../../../../../../Users/Admin/Documents/GitHub/shooter56/Content/Mannequin/Character/Materials/MaterialLayers/ML_Plastic_Shiny_Beige_LOGO.uasset" 554
"../../../../../../Users/Admin/Documents/GitHub/shooter56/Content/Mannequin/Character/Materials/MaterialLayers/T_ML_Aluminum01.uasset" 555
"../../../../../../Users/Admin/Documents/GitHub/shooter56/Content/Mannequin/Character/Materials/MaterialLayers/T_ML_Aluminum01_N.uasset" 556
"../../../../../../Users/Admin/Documents/GitHub/shooter56/Content/Mannequin/Character/Materials/MaterialLayers/ML_SoftMetal_UE4.uasset" 557
"../../../../../../Users/Admin/Documents/GitHub/shooter56/Content/Mannequin/Character/Textures/UE4_Mannequin__normals.uasset" 558
"../../../../../../Users/Admin/Documents/GitHub/shooter56/Content/Mannequin/Character/Textures/UE4_Mannequin_MAT_MASKA.uasset" 559
"../../../../../../Users/Admin/Documents/GitHub/shooter56/Content/Mannequin/Character/Materials/M_UE4Man_Body.uasset" 560
"../../../../../../Users/Admin/Documents/GitHub/shooter56/Content/Mannequin/Character/Textures/UE4Man_Logo_N.uasset" 561
"../../../../../../Users/Admin/Documents/GitHub/shooter56/Content/Mannequin/Character/Materials/M_UE4Man_ChestLogo.uasset" 562
"../../../../../../Users/Admin/Documents/GitHub/shooter56/Content/Mannequin/Character/Mesh/SK_Mannequin_PhysicsAsset.uasset" 563
"../../../../../../Users/Admin/Documents/GitHub/shooter56/Content/Mannequin/Character/Mesh/SK_Mannequin.uasset" 564
"../../../../../../Users/Admin/Documents/GitHub/shooter56/Content/ThirdPersonBP/Blueprints/ThirdPersonCharacter.uasset" 565
"../../../../../../Users/Admin/Documents/GitHub/shooter56/Content/ThirdPersonBP/Blueprints/ThirdPersonGameMode.uasset" 566
"../../../../../../Users/Admin/Documents/GitHub/shooter56/Content/ThirdPersonBP/Maps/MyGame.uasset" 567
"../../../../../../Users/Admin/Documents/GitHub/shooter56/Content/ThirdPersonBP/Maps/ThirdPersonExampleMap_BuiltData.uasset" 568
"../../Plugins/2D/Paper2D/Content/PlaceholderTextures/DummySpriteTexture.uasset" 569
"../../Plugins/2D/Paper2D/Content/DummySprite.uasset" 570
"../../Plugins/2D/Paper2D/Content/DefaultPaperTerrainMaterial.uasset" 571
"../../Plugins/2D/Paper2D/Content/DefaultSpriteMaterial.uasset" 572
"../../Plugins/2D/Paper2D/Content/MaskedUnlitSpriteMaterial.uasset" 573
"../../Plugins/2D/Paper2D/Content/OpaqueUnlitSpriteMaterial.uasset" 574
"../../Plugins/Enterprise/DatasmithContent/Content/Blueprints/FBXImporter/ArrayOfActor.uasset" 575
"../../Plugins/Enterprise/DatasmithContent/Content/Blueprints/FBXImporter/ArrayOfSwitch.uasset" 576
"../../Plugins/Enterprise/DatasmithContent/Content/Blueprints/FBXImporter/BP_SceneNode.uasset" 577
"../../Plugins/Enterprise/DatasmithContent/Content/Blueprints/FBXImporter/BP_Switch.uasset" 578
"../../Plugins/Enterprise/DatasmithContent/Content/Blueprints/FBXImporter/BP_SceneRoot.uasset" 579
"../../Plugins/Enterprise/DatasmithContent/Content/Blueprints/FBXImporter/FBXImporterUtils.uasset" 580
"../../Plugins/Enterprise/DatasmithContent/Content/Blueprints/FBXImporter/Animation/DeltaGenAnimationTrackType.uasset" 581
"../../Plugins/Enterprise/DatasmithContent/Content/Blueprints/FBXImporter/Animation/VREDAnimationTrackComponent.uasset" 582
"../../Plugins/Enterprise/DatasmithContent/Content/Blueprints/FBXImporter/Animation/VREDAnimationTrackType.uasset" 583
"../../Plugins/Enterprise/DatasmithContent/Content/Blueprints/FBXImporter/Variants/VariantSwitchType.uasset" 584
"../../Plugins/Enterprise/DatasmithContent/Content/Blueprints/FBXImporter/Variants/VREDVariantSwitchType.uasset" 585
"../../Plugins/Runtime/Oculus/OculusVR/Content/Materials/PokeAHoleMaterial.uasset" 586
"../../Plugins/Runtime/Oculus/OculusVR/Content/Textures/GearVRController_AO.uasset" 587
"../../Plugins/Runtime/Oculus/OculusVR/Content/Textures/GearVRController_Color.uasset" 588
"../../Plugins/Runtime/Oculus/OculusVR/Content/Textures/GearVRController_Normal.uasset" 589
"../../Plugins/Runtime/Oculus/OculusVR/Content/Materials/GearVRControllerMaterial.uasset" 590
"../../Plugins/Runtime/Oculus/OculusVR/Content/Meshes/GearVrController.uasset" 591
"../../Plugins/Runtime/Oculus/OculusVR/Content/Textures/touchController_albedo.uasset" 592
"../../Plugins/Runtime/Oculus/OculusVR/Content/Textures/touchController_controlmap.uasset" 593
"../../Plugins/Runtime/Oculus/OculusVR/Content/Materials/touchController_mat.uasset" 594
"../../Plugins/Runtime/Oculus/OculusVR/Content/Meshes/LeftTouchController.uasset" 595
"../../Plugins/Runtime/Oculus/OculusVR/Content/Meshes/RiftHMD.uasset" 596
"../../Plugins/Runtime/Oculus/OculusVR/Content/Meshes/RightTouchController.uasset" 597
"../../../Engine/Content/Maps/Entry_BuiltData.uasset" 598
"../../../Engine/Content/Maps/Entry.umap" 599
"../../../../../../Users/Admin/Documents/GitHub/shooter56/Content/ThirdPersonBP/Maps/Menu_OK_BuiltData.uasset" 600
"../../../../../../Users/Admin/Documents/GitHub/shooter56/Content/ThirdPersonBP/Maps/Game_Found.uasset" 601
"../../../../../../Users/Admin/Documents/GitHub/shooter56/Content/ThirdPersonBP/Maps/Server_Menu.uasset" 602
"../../../../../../Users/Admin/Documents/GitHub/shooter56/Content/ThirdPersonBP/Maps/Menu_OK.umap" 603
